Base path: F:/Unity/Editor/Data
Pipe name: \\.\pipe\UnityShaderCompiler-6-7488
Cmd: getPlatforms
Cmd: compileSnippet
  api=8 type=0 insize=1381 outsize=1950 kw= ok=1
Cmd: compileSnippet
  api=8 type=0 insize=2154 outsize=2958 kw= ok=1
Cmd: compileSnippet
  api=1 type=0 insize=1852 outsize=308 kw= ok=1
Cmd: compileSnippet
  api=8 type=1 insize=1852 outsize=2032 kw= ok=1
Cmd: compileSnippet
  api=8 type=0 insize=1179 outsize=2162 kw= ok=1
Cmd: compileSnippet
  api=8 type=1 insize=1329 outsize=1682 kw= ok=1
Cmd: compileSnippet
  api=1 type=0 insize=1252 outsize=186 kw= ok=1
Cmd: compileSnippet
  api=1 type=1 insize=1260 outsize=459 kw= ok=1
Cmd: compileSnippet
  api=0 type=1 insize=1099 outsize=274 kw= ok=1
Cmd: compileSnippet
  api=8 type=1 insize=1917 outsize=2974 kw= ok=1
Unhandled exception: Readfile from pipe failed. GLE=管道已结束。


Quitting shader compiler process
